<?xml version="1.0" encoding="utf-8"?><testsuites name="pytest tests"><testsuite name="pytest" errors="0" failures="0" skipped="5" tests="573" time="655.863" timestamp="2026-06-11T20:00:31.971717+00:00" hostname="cfe390e8c337"><testcase classname="cuvarbase.tests.test_bls.TestBLS" name="test_ignore_positive_sols[args0]" time="0.006" /><testcase classname="cuvarbase.tests.test_bls.TestBLS" name="test_transit_parameter_consistency[True-1-1-0.2-0.0-0.3]" time="1.298" /><testcase classname="cuvarbase.tests.test_bls.TestBLS" name="test_transit_parameter_consistency[True-1-1-0.2-0.5-0.3]" time="0.552" /><testcase classname="cuvarbase.tests.test_bls.TestBLS" name="test_transit_parameter_consistency[True-1-1--1-0.0-0.3]" time="0.542" /><testcase classname="cuvarbase.tests.test_bls.TestBLS" name="test_transit_parameter_consistency[True-1-1--1-0.5-0.3]" time="0.535" /><testcase classname="cuvarbase.tests.test_bls.TestBLS" name="test_transit_parameter_consistency[True-1-3-0.2-0.0-0.3]" time="0.582" /><testcase classname="cuvarbase.tests.test_bls.TestBLS" name="test_transit_parameter_consistency[True-1-3-0.2-0.5-0.3]" time="0.477" /><testcase classname="cuvarbase.tests.test_bls.TestBLS" name="test_transit_parameter_consistency[True-1-3--1-0.0-0.3]" time="0.658" /><testcase classname="cuvarbase.tests.test_bls.TestBLS" name="test_transit_parameter_consistency[True-1-3--1-0.5-0.3]" time="0.643" /><testcase classname="cuvarbase.tests.test_bls.TestBLS" name="test_transit_parameter_consistency[True-3-1-0.2-0.0-0.3]" time="0.516" /><testcase classname="cuvarbase.tests.test_bls.TestBLS" name="test_transit_parameter_consistency[True-3-1-0.2-0.5-0.3]" time="0.572" /><testcase classname="cuvarbase.tests.test_bls.TestBLS" name="test_transit_parameter_consistency[True-3-1--1-0.0-0.3]" time="0.536" /><testcase classname="cuvarbase.tests.test_bls.TestBLS" name="test_transit_parameter_consistency[True-3-1--1-0.5-0.3]" time="0.703" /><testcase classname="cuvarbase.tests.test_bls.TestBLS" name="test_transit_parameter_consistency[True-3-3-0.2-0.0-0.3]" time="0.352" /><testcase classname="cuvarbase.tests.test_bls.TestBLS" name="test_transit_parameter_consistency[True-3-3-0.2-0.5-0.3]" time="0.397" /><testcase classname="cuvarbase.tests.test_bls.TestBLS" name="test_transit_parameter_consistency[True-3-3--1-0.0-0.3]" time="0.465" /><testcase classname="cuvarbase.tests.test_bls.TestBLS" name="test_transit_parameter_consistency[True-3-3--1-0.5-0.3]" time="0.558" /><testcase classname="cuvarbase.tests.test_bls.TestBLS" name="test_transit_parameter_consistency[True-None-1-0.2-0.0-0.3]" time="0.627" /><testcase classname="cuvarbase.tests.test_bls.TestBLS" name="test_transit_parameter_consistency[True-None-1-0.2-0.5-0.3]" time="0.558" /><testcase classname="cuvarbase.tests.test_bls.TestBLS" name="test_transit_parameter_consistency[True-None-1--1-0.0-0.3]" time="0.560" /><testcase classname="cuvarbase.tests.test_bls.TestBLS" name="test_transit_parameter_consistency[True-None-1--1-0.5-0.3]" time="0.549" /><testcase classname="cuvarbase.tests.test_bls.TestBLS" name="test_transit_parameter_consistency[True-None-3-0.2-0.0-0.3]" time="0.562" /><testcase classname="cuvarbase.tests.test_bls.TestBLS" name="test_transit_parameter_consistency[True-None-3-0.2-0.5-0.3]" time="0.529" /><testcase classname="cuvarbase.tests.test_bls.TestBLS" name="test_transit_parameter_consistency[True-None-3--1-0.0-0.3]" time="0.497" /><testcase classname="cuvarbase.tests.test_bls.TestBLS" name="test_transit_parameter_consistency[True-None-3--1-0.5-0.3]" time="0.472" /><testcase classname="cuvarbase.tests.test_bls.TestBLS" name="test_transit_parameter_consistency[False-1-1-0.2-0.0-0.3]" time="0.355" /><testcase classname="cuvarbase.tests.test_bls.TestBLS" name="test_transit_parameter_consistency[False-1-1-0.2-0.5-0.3]" time="0.334" /><testcase classname="cuvarbase.tests.test_bls.TestBLS" name="test_transit_parameter_consistency[False-1-1--1-0.0-0.3]" time="0.519" /><testcase classname="cuvarbase.tests.test_bls.TestBLS" name="test_transit_parameter_consistency[False-1-1--1-0.5-0.3]" time="0.565" /><testcase classname="cuvarbase.tests.test_bls.TestBLS" name="test_transit_parameter_consistency[False-1-3-0.2-0.0-0.3]" time="0.364" /><testcase classname="cuvarbase.tests.test_bls.TestBLS" name="test_transit_parameter_consistency[False-1-3-0.2-0.5-0.3]" time="0.517" /><testcase classname="cuvarbase.tests.test_bls.TestBLS" name="test_transit_parameter_consistency[False-1-3--1-0.0-0.3]" time="0.547" /><testcase classname="cuvarbase.tests.test_bls.TestBLS" name="test_transit_parameter_consistency[False-1-3--1-0.5-0.3]" time="0.531" /><testcase classname="cuvarbase.tests.test_bls.TestBLS" name="test_transit_parameter_consistency[False-3-1-0.2-0.0-0.3]" time="0.528" /><testcase classname="cuvarbase.tests.test_bls.TestBLS" name="test_transit_parameter_consistency[False-3-1-0.2-0.5-0.3]" time="0.501" /><testcase classname="cuvarbase.tests.test_bls.TestBLS" name="test_transit_parameter_consistency[False-3-1--1-0.0-0.3]" time="0.459" /><testcase classname="cuvarbase.tests.test_bls.TestBLS" name="test_transit_parameter_consistency[False-3-1--1-0.5-0.3]" time="0.841" /><testcase classname="cuvarbase.tests.test_bls.TestBLS" name="test_transit_parameter_consistency[False-3-3-0.2-0.0-0.3]" time="0.595" /><testcase classname="cuvarbase.tests.test_bls.TestBLS" name="test_transit_parameter_consistency[False-3-3-0.2-0.5-0.3]" time="0.630" /><testcase classname="cuvarbase.tests.test_bls.TestBLS" name="test_transit_parameter_consistency[False-3-3--1-0.0-0.3]" time="0.732" /><testcase classname="cuvarbase.tests.test_bls.TestBLS" name="test_transit_parameter_consistency[False-3-3--1-0.5-0.3]" time="0.524" /><testcase classname="cuvarbase.tests.test_bls.TestBLS" name="test_transit_parameter_consistency[False-None-1-0.2-0.0-0.3]" time="0.505" /><testcase classname="cuvarbase.tests.test_bls.TestBLS" name="test_transit_parameter_consistency[False-None-1-0.2-0.5-0.3]" time="0.564" /><testcase classname="cuvarbase.tests.test_bls.TestBLS" name="test_transit_parameter_consistency[False-None-1--1-0.0-0.3]" time="0.646" /><testcase classname="cuvarbase.tests.test_bls.TestBLS" name="test_transit_parameter_consistency[False-None-1--1-0.5-0.3]" time="0.630" /><testcase classname="cuvarbase.tests.test_bls.TestBLS" name="test_transit_parameter_consistency[False-None-3-0.2-0.0-0.3]" time="0.623" /><testcase classname="cuvarbase.tests.test_bls.TestBLS" name="test_transit_parameter_consistency[False-None-3-0.2-0.5-0.3]" time="0.602" /><testcase classname="cuvarbase.tests.test_bls.TestBLS" name="test_transit_parameter_consistency[False-None-3--1-0.0-0.3]" time="0.514" /><testcase classname="cuvarbase.tests.test_bls.TestBLS" name="test_transit_parameter_consistency[False-None-3--1-0.5-0.3]" time="0.589" /><testcase classname="cuvarbase.tests.test_bls.TestBLS" name="test_custom[True-1-1-0-0-1.0]" time="1.094" /><testcase classname="cuvarbase.tests.test_bls.TestBLS" name="test_custom[True-1-1-0-10-1.0]" time="0.683" /><testcase classname="cuvarbase.tests.test_bls.TestBLS" name="test_custom[True-1-1-5-0-1.0]" time="0.647" /><testcase classname="cuvarbase.tests.test_bls.TestBLS" name="test_custom[True-1-1-5-10-1.0]" time="0.698" /><testcase classname="cuvarbase.tests.test_bls.TestBLS" name="test_custom[True-1-3-0-0-1.0]" time="0.794" /><testcase classname="cuvarbase.tests.test_bls.TestBLS" name="test_custom[True-1-3-0-10-1.0]" time="0.762" /><testcase classname="cuvarbase.tests.test_bls.TestBLS" name="test_custom[True-1-3-5-0-1.0]" time="0.680" /><testcase classname="cuvarbase.tests.test_bls.TestBLS" name="test_custom[True-1-3-5-10-1.0]" time="0.772" /><testcase classname="cuvarbase.tests.test_bls.TestBLS" name="test_custom[True-3-1-0-0-1.0]" time="0.781" /><testcase classname="cuvarbase.tests.test_bls.TestBLS" name="test_custom[True-3-1-0-10-1.0]" time="0.676" /><testcase classname="cuvarbase.tests.test_bls.TestBLS" name="test_custom[True-3-1-5-0-1.0]" time="0.752" /><testcase classname="cuvarbase.tests.test_bls.TestBLS" name="test_custom[True-3-1-5-10-1.0]" time="0.718" /><testcase classname="cuvarbase.tests.test_bls.TestBLS" name="test_custom[True-3-3-0-0-1.0]" time="0.681" /><testcase classname="cuvarbase.tests.test_bls.TestBLS" name="test_custom[True-3-3-0-10-1.0]" time="0.554" /><testcase classname="cuvarbase.tests.test_bls.TestBLS" name="test_custom[True-3-3-5-0-1.0]" time="0.570" /><testcase classname="cuvarbase.tests.test_bls.TestBLS" name="test_custom[True-3-3-5-10-1.0]" time="0.626" /><testcase classname="cuvarbase.tests.test_bls.TestBLS" name="test_custom[True-None-1-0-0-1.0]" time="0.728" /><testcase classname="cuvarbase.tests.test_bls.TestBLS" name="test_custom[True-None-1-0-10-1.0]" time="0.745" /><testcase classname="cuvarbase.tests.test_bls.TestBLS" name="test_custom[True-None-1-5-0-1.0]" time="0.666" /><testcase classname="cuvarbase.tests.test_bls.TestBLS" name="test_custom[True-None-1-5-10-1.0]" time="0.706" /><testcase classname="cuvarbase.tests.test_bls.TestBLS" name="test_custom[True-None-3-0-0-1.0]" time="0.676" /><testcase classname="cuvarbase.tests.test_bls.TestBLS" name="test_custom[True-None-3-0-10-1.0]" time="0.685" /><testcase classname="cuvarbase.tests.test_bls.TestBLS" name="test_custom[True-None-3-5-0-1.0]" time="0.708" /><testcase classname="cuvarbase.tests.test_bls.TestBLS" name="test_custom[True-None-3-5-10-1.0]" time="0.716" /><testcase classname="cuvarbase.tests.test_bls.TestBLS" name="test_custom[False-1-1-0-0-1.0]" time="0.664" /><testcase classname="cuvarbase.tests.test_bls.TestBLS" name="test_custom[False-1-1-0-10-1.0]" time="0.650" /><testcase classname="cuvarbase.tests.test_bls.TestBLS" name="test_custom[False-1-1-5-0-1.0]" time="0.629" /><testcase classname="cuvarbase.tests.test_bls.TestBLS" name="test_custom[False-1-1-5-10-1.0]" time="0.748" /><testcase classname="cuvarbase.tests.test_bls.TestBLS" name="test_custom[False-1-3-0-0-1.0]" time="0.625" /><testcase classname="cuvarbase.tests.test_bls.TestBLS" name="test_custom[False-1-3-0-10-1.0]" time="0.602" /><testcase classname="cuvarbase.tests.test_bls.TestBLS" name="test_custom[False-1-3-5-0-1.0]" time="0.634" /><testcase classname="cuvarbase.tests.test_bls.TestBLS" name="test_custom[False-1-3-5-10-1.0]" time="0.678" /><testcase classname="cuvarbase.tests.test_bls.TestBLS" name="test_custom[False-3-1-0-0-1.0]" time="0.556" /><testcase classname="cuvarbase.tests.test_bls.TestBLS" name="test_custom[False-3-1-0-10-1.0]" time="0.596" /><testcase classname="cuvarbase.tests.test_bls.TestBLS" name="test_custom[False-3-1-5-0-1.0]" time="0.702" /><testcase classname="cuvarbase.tests.test_bls.TestBLS" name="test_custom[False-3-1-5-10-1.0]" time="0.615" /><testcase classname="cuvarbase.tests.test_bls.TestBLS" name="test_custom[False-3-3-0-0-1.0]" time="0.656" /><testcase classname="cuvarbase.tests.test_bls.TestBLS" name="test_custom[False-3-3-0-10-1.0]" time="0.641" /><testcase classname="cuvarbase.tests.test_bls.TestBLS" name="test_custom[False-3-3-5-0-1.0]" time="0.710" /><testcase classname="cuvarbase.tests.test_bls.TestBLS" name="test_custom[False-3-3-5-10-1.0]" time="0.701" /><testcase classname="cuvarbase.tests.test_bls.TestBLS" name="test_custom[False-None-1-0-0-1.0]" time="0.734" /><testcase classname="cuvarbase.tests.test_bls.TestBLS" name="test_custom[False-None-1-0-10-1.0]" time="0.664" /><testcase classname="cuvarbase.tests.test_bls.TestBLS" name="test_custom[False-None-1-5-0-1.0]" time="0.716" /><testcase classname="cuvarbase.tests.test_bls.TestBLS" name="test_custom[False-None-1-5-10-1.0]" time="0.693" /><testcase classname="cuvarbase.tests.test_bls.TestBLS" name="test_custom[False-None-3-0-0-1.0]" time="0.699" /><testcase classname="cuvarbase.tests.test_bls.TestBLS" name="test_custom[False-None-3-0-10-1.0]" time="0.707" /><testcase classname="cuvarbase.tests.test_bls.TestBLS" name="test_custom[False-None-3-5-0-1.0]" time="0.757" /><testcase classname="cuvarbase.tests.test_bls.TestBLS" name="test_custom[False-None-3-5-10-1.0]" time="0.832" /><testcase classname="cuvarbase.tests.test_bls.TestBLS" name="test_standard[True-1-1-0-0-1.0]" time="0.633" /><testcase classname="cuvarbase.tests.test_bls.TestBLS" name="test_standard[True-1-1-0-10-1.0]" time="0.550" /><testcase classname="cuvarbase.tests.test_bls.TestBLS" name="test_standard[True-1-1-0--1-1.0]" time="0.572" /><testcase classname="cuvarbase.tests.test_bls.TestBLS" name="test_standard[True-1-1-5-0-1.0]" time="0.624" /><testcase classname="cuvarbase.tests.test_bls.TestBLS" name="test_standard[True-1-1-5-10-1.0]" time="0.545" /><testcase classname="cuvarbase.tests.test_bls.TestBLS" name="test_standard[True-1-1-5--1-1.0]" time="0.682" /><testcase classname="cuvarbase.tests.test_bls.TestBLS" name="test_standard[True-1-1--1-0-1.0]" time="0.612" /><testcase classname="cuvarbase.tests.test_bls.TestBLS" name="test_standard[True-1-1--1-10-1.0]" time="0.612" /><testcase classname="cuvarbase.tests.test_bls.TestBLS" name="test_standard[True-1-1--1--1-1.0]" time="0.520" /><testcase classname="cuvarbase.tests.test_bls.TestBLS" name="test_standard[True-1-3-0-0-1.0]" time="0.602" /><testcase classname="cuvarbase.tests.test_bls.TestBLS" name="test_standard[True-1-3-0-10-1.0]" time="0.597" /><testcase classname="cuvarbase.tests.test_bls.TestBLS" name="test_standard[True-1-3-0--1-1.0]" time="0.611" /><testcase classname="cuvarbase.tests.test_bls.TestBLS" name="test_standard[True-1-3-5-0-1.0]" time="0.533" /><testcase classname="cuvarbase.tests.test_bls.TestBLS" name="test_standard[True-1-3-5-10-1.0]" time="0.575" /><testcase classname="cuvarbase.tests.test_bls.TestBLS" name="test_standard[True-1-3-5--1-1.0]" time="0.516" /><testcase classname="cuvarbase.tests.test_bls.TestBLS" name="test_standard[True-1-3--1-0-1.0]" time="0.519" /><testcase classname="cuvarbase.tests.test_bls.TestBLS" name="test_standard[True-1-3--1-10-1.0]" time="0.645" /><testcase classname="cuvarbase.tests.test_bls.TestBLS" name="test_standard[True-1-3--1--1-1.0]" time="0.563" /><testcase classname="cuvarbase.tests.test_bls.TestBLS" name="test_standard[True-3-1-0-0-1.0]" time="0.558" /><testcase classname="cuvarbase.tests.test_bls.TestBLS" name="test_standard[True-3-1-0-10-1.0]" time="0.455" /><testcase classname="cuvarbase.tests.test_bls.TestBLS" name="test_standard[True-3-1-0--1-1.0]" time="0.465" /><testcase classname="cuvarbase.tests.test_bls.TestBLS" name="test_standard[True-3-1-5-0-1.0]" time="0.469" /><testcase classname="cuvarbase.tests.test_bls.TestBLS" name="test_standard[True-3-1-5-10-1.0]" time="0.431" /><testcase classname="cuvarbase.tests.test_bls.TestBLS" name="test_standard[True-3-1-5--1-1.0]" time="0.559" /><testcase classname="cuvarbase.tests.test_bls.TestBLS" name="test_standard[True-3-1--1-0-1.0]" time="0.604" /><testcase classname="cuvarbase.tests.test_bls.TestBLS" name="test_standard[True-3-1--1-10-1.0]" time="0.595" /><testcase classname="cuvarbase.tests.test_bls.TestBLS" name="test_standard[True-3-1--1--1-1.0]" time="0.619" /><testcase classname="cuvarbase.tests.test_bls.TestBLS" name="test_standard[True-3-3-0-0-1.0]" time="0.469" /><testcase classname="cuvarbase.tests.test_bls.TestBLS" name="test_standard[True-3-3-0-10-1.0]" time="0.454" /><testcase classname="cuvarbase.tests.test_bls.TestBLS" name="test_standard[True-3-3-0--1-1.0]" time="0.436" /><testcase classname="cuvarbase.tests.test_bls.TestBLS" name="test_standard[True-3-3-5-0-1.0]" time="0.480" /><testcase classname="cuvarbase.tests.test_bls.TestBLS" name="test_standard[True-3-3-5-10-1.0]" time="0.413" /><testcase classname="cuvarbase.tests.test_bls.TestBLS" name="test_standard[True-3-3-5--1-1.0]" time="0.496" /><testcase classname="cuvarbase.tests.test_bls.TestBLS" name="test_standard[True-3-3--1-0-1.0]" time="0.480" /><testcase classname="cuvarbase.tests.test_bls.TestBLS" name="test_standard[True-3-3--1-10-1.0]" time="0.447" /><testcase classname="cuvarbase.tests.test_bls.TestBLS" name="test_standard[True-3-3--1--1-1.0]" time="0.422" /><testcase classname="cuvarbase.tests.test_bls.TestBLS" name="test_standard[True-None-1-0-0-1.0]" time="0.575" /><testcase classname="cuvarbase.tests.test_bls.TestBLS" name="test_standard[True-None-1-0-10-1.0]" time="0.569" /><testcase classname="cuvarbase.tests.test_bls.TestBLS" name="test_standard[True-None-1-0--1-1.0]" time="0.660" /><testcase classname="cuvarbase.tests.test_bls.TestBLS" name="test_standard[True-None-1-5-0-1.0]" time="0.865" /><testcase classname="cuvarbase.tests.test_bls.TestBLS" name="test_standard[True-None-1-5-10-1.0]" time="0.587" /><testcase classname="cuvarbase.tests.test_bls.TestBLS" name="test_standard[True-None-1-5--1-1.0]" time="0.750" /><testcase classname="cuvarbase.tests.test_bls.TestBLS" name="test_standard[True-None-1--1-0-1.0]" time="0.944" /><testcase classname="cuvarbase.tests.test_bls.TestBLS" name="test_standard[True-None-1--1-10-1.0]" time="0.740" /><testcase classname="cuvarbase.tests.test_bls.TestBLS" name="test_standard[True-None-1--1--1-1.0]" time="0.787" /><testcase classname="cuvarbase.tests.test_bls.TestBLS" name="test_standard[True-None-3-0-0-1.0]" time="0.936" /><testcase classname="cuvarbase.tests.test_bls.TestBLS" name="test_standard[True-None-3-0-10-1.0]" time="0.836" /><testcase classname="cuvarbase.tests.test_bls.TestBLS" name="test_standard[True-None-3-0--1-1.0]" time="0.794" /><testcase classname="cuvarbase.tests.test_bls.TestBLS" name="test_standard[True-None-3-5-0-1.0]" time="0.802" /><testcase classname="cuvarbase.tests.test_bls.TestBLS" name="test_standard[True-None-3-5-10-1.0]" time="0.694" /><testcase classname="cuvarbase.tests.test_bls.TestBLS" name="test_standard[True-None-3-5--1-1.0]" time="0.648" /><testcase classname="cuvarbase.tests.test_bls.TestBLS" name="test_standard[True-None-3--1-0-1.0]" time="0.714" /><testcase classname="cuvarbase.tests.test_bls.TestBLS" name="test_standard[True-None-3--1-10-1.0]" time="0.664" /><testcase classname="cuvarbase.tests.test_bls.TestBLS" name="test_standard[True-None-3--1--1-1.0]" time="0.623" /><testcase classname="cuvarbase.tests.test_bls.TestBLS" name="test_standard[False-1-1-0-0-1.0]" time="0.642" /><testcase classname="cuvarbase.tests.test_bls.TestBLS" name="test_standard[False-1-1-0-10-1.0]" time="0.843" /><testcase classname="cuvarbase.tests.test_bls.TestBLS" name="test_standard[False-1-1-0--1-1.0]" time="0.630" /><testcase classname="cuvarbase.tests.test_bls.TestBLS" name="test_standard[False-1-1-5-0-1.0]" time="0.546" /><testcase classname="cuvarbase.tests.test_bls.TestBLS" name="test_standard[False-1-1-5-10-1.0]" time="0.538" /><testcase classname="cuvarbase.tests.test_bls.TestBLS" name="test_standard[False-1-1-5--1-1.0]" time="0.588" /><testcase classname="cuvarbase.tests.test_bls.TestBLS" name="test_standard[False-1-1--1-0-1.0]" time="0.725" /><testcase classname="cuvarbase.tests.test_bls.TestBLS" name="test_standard[False-1-1--1-10-1.0]" time="0.834" /><testcase classname="cuvarbase.tests.test_bls.TestBLS" name="test_standard[False-1-1--1--1-1.0]" time="0.844" /><testcase classname="cuvarbase.tests.test_bls.TestBLS" name="test_standard[False-1-3-0-0-1.0]" time="0.617" /><testcase classname="cuvarbase.tests.test_bls.TestBLS" name="test_standard[False-1-3-0-10-1.0]" time="0.630" /><testcase classname="cuvarbase.tests.test_bls.TestBLS" name="test_standard[False-1-3-0--1-1.0]" time="0.722" /><testcase classname="cuvarbase.tests.test_bls.TestBLS" name="test_standard[False-1-3-5-0-1.0]" time="0.710" /><testcase classname="cuvarbase.tests.test_bls.TestBLS" name="test_standard[False-1-3-5-10-1.0]" time="0.561" /><testcase classname="cuvarbase.tests.test_bls.TestBLS" name="test_standard[False-1-3-5--1-1.0]" time="0.623" /><testcase classname="cuvarbase.tests.test_bls.TestBLS" name="test_standard[False-1-3--1-0-1.0]" time="0.682" /><testcase classname="cuvarbase.tests.test_bls.TestBLS" name="test_standard[False-1-3--1-10-1.0]" time="0.815" /><testcase classname="cuvarbase.tests.test_bls.TestBLS" name="test_standard[False-1-3--1--1-1.0]" time="0.544" /><testcase classname="cuvarbase.tests.test_bls.TestBLS" name="test_standard[False-3-1-0-0-1.0]" time="0.578" /><testcase classname="cuvarbase.tests.test_bls.TestBLS" name="test_standard[False-3-1-0-10-1.0]" time="0.939" /><testcase classname="cuvarbase.tests.test_bls.TestBLS" name="test_standard[False-3-1-0--1-1.0]" time="0.744" /><testcase classname="cuvarbase.tests.test_bls.TestBLS" name="test_standard[False-3-1-5-0-1.0]" time="0.797" /><testcase classname="cuvarbase.tests.test_bls.TestBLS" name="test_standard[False-3-1-5-10-1.0]" time="0.730" /><testcase classname="cuvarbase.tests.test_bls.TestBLS" name="test_standard[False-3-1-5--1-1.0]" time="0.577" /><testcase classname="cuvarbase.tests.test_bls.TestBLS" name="test_standard[False-3-1--1-0-1.0]" time="0.450" /><testcase classname="cuvarbase.tests.test_bls.TestBLS" name="test_standard[False-3-1--1-10-1.0]" time="0.622" /><testcase classname="cuvarbase.tests.test_bls.TestBLS" name="test_standard[False-3-1--1--1-1.0]" time="0.580" /><testcase classname="cuvarbase.tests.test_bls.TestBLS" name="test_standard[False-3-3-0-0-1.0]" time="0.523" /><testcase classname="cuvarbase.tests.test_bls.TestBLS" name="test_standard[False-3-3-0-10-1.0]" time="0.578" /><testcase classname="cuvarbase.tests.test_bls.TestBLS" name="test_standard[False-3-3-0--1-1.0]" time="0.509" /><testcase classname="cuvarbase.tests.test_bls.TestBLS" name="test_standard[False-3-3-5-0-1.0]" time="0.467" /><testcase classname="cuvarbase.tests.test_bls.TestBLS" name="test_standard[False-3-3-5-10-1.0]" time="0.463" /><testcase classname="cuvarbase.tests.test_bls.TestBLS" name="test_standard[False-3-3-5--1-1.0]" time="0.453" /><testcase classname="cuvarbase.tests.test_bls.TestBLS" name="test_standard[False-3-3--1-0-1.0]" time="0.482" /><testcase classname="cuvarbase.tests.test_bls.TestBLS" name="test_standard[False-3-3--1-10-1.0]" time="0.393" /><testcase classname="cuvarbase.tests.test_bls.TestBLS" name="test_standard[False-3-3--1--1-1.0]" time="0.371" /><testcase classname="cuvarbase.tests.test_bls.TestBLS" name="test_standard[False-None-1-0-0-1.0]" time="0.412" /><testcase classname="cuvarbase.tests.test_bls.TestBLS" name="test_standard[False-None-1-0-10-1.0]" time="0.606" /><testcase classname="cuvarbase.tests.test_bls.TestBLS" name="test_standard[False-None-1-0--1-1.0]" time="0.643" /><testcase classname="cuvarbase.tests.test_bls.TestBLS" name="test_standard[False-None-1-5-0-1.0]" time="0.639" /><testcase classname="cuvarbase.tests.test_bls.TestBLS" name="test_standard[False-None-1-5-10-1.0]" time="0.596" /><testcase classname="cuvarbase.tests.test_bls.TestBLS" name="test_standard[False-None-1-5--1-1.0]" time="0.550" /><testcase classname="cuvarbase.tests.test_bls.TestBLS" name="test_standard[False-None-1--1-0-1.0]" time="0.533" /><testcase classname="cuvarbase.tests.test_bls.TestBLS" name="test_standard[False-None-1--1-10-1.0]" time="0.541" /><testcase classname="cuvarbase.tests.test_bls.TestBLS" name="test_standard[False-None-1--1--1-1.0]" time="0.567" /><testcase classname="cuvarbase.tests.test_bls.TestBLS" name="test_standard[False-None-3-0-0-1.0]" time="0.548" /><testcase classname="cuvarbase.tests.test_bls.TestBLS" name="test_standard[False-None-3-0-10-1.0]" time="0.459" /><testcase classname="cuvarbase.tests.test_bls.TestBLS" name="test_standard[False-None-3-0--1-1.0]" time="0.643" /><testcase classname="cuvarbase.tests.test_bls.TestBLS" name="test_standard[False-None-3-5-0-1.0]" time="0.480" /><testcase classname="cuvarbase.tests.test_bls.TestBLS" name="test_standard[False-None-3-5-10-1.0]" time="0.525" /><testcase classname="cuvarbase.tests.test_bls.TestBLS" name="test_standard[False-None-3-5--1-1.0]" time="0.495" /><testcase classname="cuvarbase.tests.test_bls.TestBLS" name="test_standard[False-None-3--1-0-1.0]" time="0.519" /><testcase classname="cuvarbase.tests.test_bls.TestBLS" name="test_standard[False-None-3--1-10-1.0]" time="0.516" /><testcase classname="cuvarbase.tests.test_bls.TestBLS" name="test_standard[False-None-3--1--1-1.0]" time="0.659" /><testcase classname="cuvarbase.tests.test_bls.TestBLS" name="test_transit[True-1-True-0.0-1-0.5-1.0]" time="1.450" /><testcase classname="cuvarbase.tests.test_bls.TestBLS" name="test_transit[True-1-True-0.0-1--1.0-1.0]" time="1.290" /><testcase classname="cuvarbase.tests.test_bls.TestBLS" name="test_transit[True-1-True-0.0-10-0.5-1.0]" time="0.426" /><testcase classname="cuvarbase.tests.test_bls.TestBLS" name="test_transit[True-1-True-0.0-10--1.0-1.0]" time="0.498" /><testcase classname="cuvarbase.tests.test_bls.TestBLS" name="test_transit[True-1-True-0.0-None-0.5-1.0]" time="0.411" /><testcase classname="cuvarbase.tests.test_bls.TestBLS" name="test_transit[True-1-True-0.0-None--1.0-1.0]" time="0.586" /><testcase classname="cuvarbase.tests.test_bls.TestBLS" name="test_transit[True-1-False-0.0-1-0.5-1.0]" time="0.817" /><testcase classname="cuvarbase.tests.test_bls.TestBLS" name="test_transit[True-1-False-0.0-1--1.0-1.0]" time="1.090" /><testcase classname="cuvarbase.tests.test_bls.TestBLS" name="test_transit[True-1-False-0.0-10-0.5-1.0]" time="0.605" /><testcase classname="cuvarbase.tests.test_bls.TestBLS" name="test_transit[True-1-False-0.0-10--1.0-1.0]" time="0.564" /><testcase classname="cuvarbase.tests.test_bls.TestBLS" name="test_transit[True-1-False-0.0-None-0.5-1.0]" time="0.683" /><testcase classname="cuvarbase.tests.test_bls.TestBLS" name="test_transit[True-1-False-0.0-None--1.0-1.0]" time="0.558" /><testcase classname="cuvarbase.tests.test_bls.TestBLS" name="test_transit[True-4-True-0.0-1-0.5-1.0]" time="0.762" /><testcase classname="cuvarbase.tests.test_bls.TestBLS" name="test_transit[True-4-True-0.0-1--1.0-1.0]" time="1.082" /><testcase classname="cuvarbase.tests.test_bls.TestBLS" name="test_transit[True-4-True-0.0-10-0.5-1.0]" time="0.503" /><testcase classname="cuvarbase.tests.test_bls.TestBLS" name="test_transit[True-4-True-0.0-10--1.0-1.0]" time="0.484" /><testcase classname="cuvarbase.tests.test_bls.TestBLS" name="test_transit[True-4-True-0.0-None-0.5-1.0]" time="0.452" /><testcase classname="cuvarbase.tests.test_bls.TestBLS" name="test_transit[True-4-True-0.0-None--1.0-1.0]" time="0.532" /><testcase classname="cuvarbase.tests.test_bls.TestBLS" name="test_transit[True-4-False-0.0-1-0.5-1.0]" time="1.087" /><testcase classname="cuvarbase.tests.test_bls.TestBLS" name="test_transit[True-4-False-0.0-1--1.0-1.0]" time="1.207" /><testcase classname="cuvarbase.tests.test_bls.TestBLS" name="test_transit[True-4-False-0.0-10-0.5-1.0]" time="0.656" /><testcase classname="cuvarbase.tests.test_bls.TestBLS" name="test_transit[True-4-False-0.0-10--1.0-1.0]" time="0.831" /><testcase classname="cuvarbase.tests.test_bls.TestBLS" name="test_transit[True-4-False-0.0-None-0.5-1.0]" time="0.708" /><testcase classname="cuvarbase.tests.test_bls.TestBLS" name="test_transit[True-4-False-0.0-None--1.0-1.0]" time="0.697" /><testcase classname="cuvarbase.tests.test_bls.TestBLS" name="test_transit[False-1-True-0.0-1-0.5-1.0]" time="1.060" /><testcase classname="cuvarbase.tests.test_bls.TestBLS" name="test_transit[False-1-True-0.0-1--1.0-1.0]" time="1.398" /><testcase classname="cuvarbase.tests.test_bls.TestBLS" name="test_transit[False-1-True-0.0-10-0.5-1.0]" time="0.585" /><testcase classname="cuvarbase.tests.test_bls.TestBLS" name="test_transit[False-1-True-0.0-10--1.0-1.0]" time="0.864" /><testcase classname="cuvarbase.tests.test_bls.TestBLS" name="test_transit[False-1-True-0.0-None-0.5-1.0]" time="0.754" /><testcase classname="cuvarbase.tests.test_bls.TestBLS" name="test_transit[False-1-True-0.0-None--1.0-1.0]" time="0.676" /><testcase classname="cuvarbase.tests.test_bls.TestBLS" name="test_transit[False-1-False-0.0-1-0.5-1.0]" time="1.105" /><testcase classname="cuvarbase.tests.test_bls.TestBLS" name="test_transit[False-1-False-0.0-1--1.0-1.0]" time="1.448" /><testcase classname="cuvarbase.tests.test_bls.TestBLS" name="test_transit[False-1-False-0.0-10-0.5-1.0]" time="0.738" /><testcase classname="cuvarbase.tests.test_bls.TestBLS" name="test_transit[False-1-False-0.0-10--1.0-1.0]" time="0.739" /><testcase classname="cuvarbase.tests.test_bls.TestBLS" name="test_transit[False-1-False-0.0-None-0.5-1.0]" time="0.753" /><testcase classname="cuvarbase.tests.test_bls.TestBLS" name="test_transit[False-1-False-0.0-None--1.0-1.0]" time="0.780" /><testcase classname="cuvarbase.tests.test_bls.TestBLS" name="test_transit[False-4-True-0.0-1-0.5-1.0]" time="0.870" /><testcase classname="cuvarbase.tests.test_bls.TestBLS" name="test_transit[False-4-True-0.0-1--1.0-1.0]" time="1.297" /><testcase classname="cuvarbase.tests.test_bls.TestBLS" name="test_transit[False-4-True-0.0-10-0.5-1.0]" time="0.653" /><testcase classname="cuvarbase.tests.test_bls.TestBLS" name="test_transit[False-4-True-0.0-10--1.0-1.0]" time="0.545" /><testcase classname="cuvarbase.tests.test_bls.TestBLS" name="test_transit[False-4-True-0.0-None-0.5-1.0]" time="0.503" /><testcase classname="cuvarbase.tests.test_bls.TestBLS" name="test_transit[False-4-True-0.0-None--1.0-1.0]" time="0.583" /><testcase classname="cuvarbase.tests.test_bls.TestBLS" name="test_transit[False-4-False-0.0-1-0.5-1.0]" time="0.954" /><testcase classname="cuvarbase.tests.test_bls.TestBLS" name="test_transit[False-4-False-0.0-1--1.0-1.0]" time="1.293" /><testcase classname="cuvarbase.tests.test_bls.TestBLS" name="test_transit[False-4-False-0.0-10-0.5-1.0]" time="0.899" /><testcase classname="cuvarbase.tests.test_bls.TestBLS" name="test_transit[False-4-False-0.0-10--1.0-1.0]" time="0.610" /><testcase classname="cuvarbase.tests.test_bls.TestBLS" name="test_transit[False-4-False-0.0-None-0.5-1.0]" time="0.858" /><testcase classname="cuvarbase.tests.test_bls.TestBLS" name="test_transit[False-4-False-0.0-None--1.0-1.0]" time="0.791" /><testcase classname="cuvarbase.tests.test_bls.TestBLS" name="test_fast_eebls[True-0.5-None-0.0-0.0-0.1-1.0]" time="0.637" /><testcase classname="cuvarbase.tests.test_bls.TestBLS" name="test_fast_eebls[True-0.5-None-1.0-0.0-0.1-1.0]" time="0.827" /><testcase classname="cuvarbase.tests.test_bls.TestBLS" name="test_fast_eebls[True-0.5-100-0.0-0.0-0.1-1.0]" time="0.544" /><testcase classname="cuvarbase.tests.test_bls.TestBLS" name="test_fast_eebls[True-0.5-100-1.0-0.0-0.1-1.0]" time="0.411" /><testcase classname="cuvarbase.tests.test_bls.TestBLS" name="test_fast_eebls[True--1.0-None-0.0-0.0-0.1-1.0]" time="0.702" /><testcase classname="cuvarbase.tests.test_bls.TestBLS" name="test_fast_eebls[True--1.0-None-1.0-0.0-0.1-1.0]" time="0.503" /><testcase classname="cuvarbase.tests.test_bls.TestBLS" name="test_fast_eebls[True--1.0-100-0.0-0.0-0.1-1.0]" time="0.548" /><testcase classname="cuvarbase.tests.test_bls.TestBLS" name="test_fast_eebls[True--1.0-100-1.0-0.0-0.1-1.0]" time="0.599" /><testcase classname="cuvarbase.tests.test_bls.TestBLS" name="test_fast_eebls[False-0.5-None-0.0-0.0-0.1-1.0]" time="0.457" /><testcase classname="cuvarbase.tests.test_bls.TestBLS" name="test_fast_eebls[False-0.5-None-1.0-0.0-0.1-1.0]" time="0.583" /><testcase classname="cuvarbase.tests.test_bls.TestBLS" name="test_fast_eebls[False-0.5-100-0.0-0.0-0.1-1.0]" time="0.680" /><testcase classname="cuvarbase.tests.test_bls.TestBLS" name="test_fast_eebls[False-0.5-100-1.0-0.0-0.1-1.0]" time="0.607" /><testcase classname="cuvarbase.tests.test_bls.TestBLS" name="test_fast_eebls[False--1.0-None-0.0-0.0-0.1-1.0]" time="0.911" /><testcase classname="cuvarbase.tests.test_bls.TestBLS" name="test_fast_eebls[False--1.0-None-1.0-0.0-0.1-1.0]" time="0.737" /><testcase classname="cuvarbase.tests.test_bls.TestBLS" name="test_fast_eebls[False--1.0-100-0.0-0.0-0.1-1.0]" time="0.764" /><testcase classname="cuvarbase.tests.test_bls.TestBLS" name="test_fast_eebls[False--1.0-100-1.0-0.0-0.1-1.0]" time="0.599" /><testcase classname="cuvarbase.tests.test_bls.TestBLS" name="test_sparse_bls_vs_exhaustive[True-42-1.0-10]" time="0.002" /><testcase classname="cuvarbase.tests.test_bls.TestBLS" name="test_sparse_bls_vs_exhaustive[True-42-1.0-15]" time="0.003" /><testcase classname="cuvarbase.tests.test_bls.TestBLS" name="test_sparse_bls_vs_exhaustive[True-42-1.0-20]" time="0.003" /><testcase classname="cuvarbase.tests.test_bls.TestBLS" name="test_sparse_bls_vs_exhaustive[True-42-2.5-10]" time="0.002" /><testcase classname="cuvarbase.tests.test_bls.TestBLS" name="test_sparse_bls_vs_exhaustive[True-42-2.5-15]" time="0.002" /><testcase classname="cuvarbase.tests.test_bls.TestBLS" name="test_sparse_bls_vs_exhaustive[True-42-2.5-20]" time="0.004" /><testcase classname="cuvarbase.tests.test_bls.TestBLS" name="test_sparse_bls_vs_exhaustive[True-123-1.0-10]" time="0.002" /><testcase classname="cuvarbase.tests.test_bls.TestBLS" name="test_sparse_bls_vs_exhaustive[True-123-1.0-15]" time="0.002" /><testcase classname="cuvarbase.tests.test_bls.TestBLS" name="test_sparse_bls_vs_exhaustive[True-123-1.0-20]" time="0.004" /><testcase classname="cuvarbase.tests.test_bls.TestBLS" name="test_sparse_bls_vs_exhaustive[True-123-2.5-10]" time="0.002" /><testcase classname="cuvarbase.tests.test_bls.TestBLS" name="test_sparse_bls_vs_exhaustive[True-123-2.5-15]" time="0.002" /><testcase classname="cuvarbase.tests.test_bls.TestBLS" name="test_sparse_bls_vs_exhaustive[True-123-2.5-20]" time="0.003" /><testcase classname="cuvarbase.tests.test_bls.TestBLS" name="test_sparse_bls_vs_exhaustive[False-42-1.0-10]" time="0.002" /><testcase classname="cuvarbase.tests.test_bls.TestBLS" name="test_sparse_bls_vs_exhaustive[False-42-1.0-15]" time="0.003" /><testcase classname="cuvarbase.tests.test_bls.TestBLS" name="test_sparse_bls_vs_exhaustive[False-42-1.0-20]" time="0.004" /><testcase classname="cuvarbase.tests.test_bls.TestBLS" name="test_sparse_bls_vs_exhaustive[False-42-2.5-10]" time="0.002" /><testcase classname="cuvarbase.tests.test_bls.TestBLS" name="test_sparse_bls_vs_exhaustive[False-42-2.5-15]" time="0.003" /><testcase classname="cuvarbase.tests.test_bls.TestBLS" name="test_sparse_bls_vs_exhaustive[False-42-2.5-20]" time="0.003" /><testcase classname="cuvarbase.tests.test_bls.TestBLS" name="test_sparse_bls_vs_exhaustive[False-123-1.0-10]" time="0.002" /><testcase classname="cuvarbase.tests.test_bls.TestBLS" name="test_sparse_bls_vs_exhaustive[False-123-1.0-15]" time="0.003" /><testcase classname="cuvarbase.tests.test_bls.TestBLS" name="test_sparse_bls_vs_exhaustive[False-123-1.0-20]" time="0.003" /><testcase classname="cuvarbase.tests.test_bls.TestBLS" name="test_sparse_bls_vs_exhaustive[False-123-2.5-10]" time="0.002" /><testcase classname="cuvarbase.tests.test_bls.TestBLS" name="test_sparse_bls_vs_exhaustive[False-123-2.5-15]" time="0.003" /><testcase classname="cuvarbase.tests.test_bls.TestBLS" name="test_sparse_bls_vs_exhaustive[False-123-2.5-20]" time="0.006" /><testcase classname="cuvarbase.tests.test_bls.TestBLS" name="test_sparse_bls_ground_truth[100-0.0-0.05-1.0]" time="0.810" /><testcase classname="cuvarbase.tests.test_bls.TestBLS" name="test_sparse_bls_ground_truth[100-0.0-0.05-2.0]" time="0.889" /><testcase classname="cuvarbase.tests.test_bls.TestBLS" name="test_sparse_bls_ground_truth[100-0.0-0.1-1.0]" time="0.841" /><testcase classname="cuvarbase.tests.test_bls.TestBLS" name="test_sparse_bls_ground_truth[100-0.0-0.1-2.0]" time="0.869" /><testcase classname="cuvarbase.tests.test_bls.TestBLS" name="test_sparse_bls_ground_truth[100-0.3-0.05-1.0]" time="0.823" /><testcase classname="cuvarbase.tests.test_bls.TestBLS" name="test_sparse_bls_ground_truth[100-0.3-0.05-2.0]" time="0.835" /><testcase classname="cuvarbase.tests.test_bls.TestBLS" name="test_sparse_bls_ground_truth[100-0.3-0.1-1.0]" time="0.822" /><testcase classname="cuvarbase.tests.test_bls.TestBLS" name="test_sparse_bls_ground_truth[100-0.3-0.1-2.0]" time="0.876" /><testcase classname="cuvarbase.tests.test_bls.TestBLS" name="test_sparse_bls_ground_truth[100-0.5-0.05-1.0]" time="0.841" /><testcase classname="cuvarbase.tests.test_bls.TestBLS" name="test_sparse_bls_ground_truth[100-0.5-0.05-2.0]" time="0.865" /><testcase classname="cuvarbase.tests.test_bls.TestBLS" name="test_sparse_bls_ground_truth[100-0.5-0.1-1.0]" time="0.826" /><testcase classname="cuvarbase.tests.test_bls.TestBLS" name="test_sparse_bls_ground_truth[100-0.5-0.1-2.0]" time="0.835" /><testcase classname="cuvarbase.tests.test_bls.TestBLS" name="test_sparse_bls_ground_truth[200-0.0-0.05-1.0]" time="3.289" /><testcase classname="cuvarbase.tests.test_bls.TestBLS" name="test_sparse_bls_ground_truth[200-0.0-0.05-2.0]" time="3.313" /><testcase classname="cuvarbase.tests.test_bls.TestBLS" name="test_sparse_bls_ground_truth[200-0.0-0.1-1.0]" time="3.256" /><testcase classname="cuvarbase.tests.test_bls.TestBLS" name="test_sparse_bls_ground_truth[200-0.0-0.1-2.0]" time="3.330" /><testcase classname="cuvarbase.tests.test_bls.TestBLS" name="test_sparse_bls_ground_truth[200-0.3-0.05-1.0]" time="3.302" /><testcase classname="cuvarbase.tests.test_bls.TestBLS" name="test_sparse_bls_ground_truth[200-0.3-0.05-2.0]" time="3.279" /><testcase classname="cuvarbase.tests.test_bls.TestBLS" name="test_sparse_bls_ground_truth[200-0.3-0.1-1.0]" time="3.214" /><testcase classname="cuvarbase.tests.test_bls.TestBLS" name="test_sparse_bls_ground_truth[200-0.3-0.1-2.0]" time="2.964" /><testcase classname="cuvarbase.tests.test_bls.TestBLS" name="test_sparse_bls_ground_truth[200-0.5-0.05-1.0]" time="2.655" /><testcase classname="cuvarbase.tests.test_bls.TestBLS" name="test_sparse_bls_ground_truth[200-0.5-0.05-2.0]" time="2.779" /><testcase classname="cuvarbase.tests.test_bls.TestBLS" name="test_sparse_bls_ground_truth[200-0.5-0.1-1.0]" time="2.726" /><testcase classname="cuvarbase.tests.test_bls.TestBLS" name="test_sparse_bls_ground_truth[200-0.5-0.1-2.0]" time="2.844" /><testcase classname="cuvarbase.tests.test_bls.TestBLS" name="test_sparse_bls_phase_wrapping[80-0.08-0.95-1.0]" time="0.490" /><testcase classname="cuvarbase.tests.test_bls.TestBLS" name="test_sparse_bls_phase_wrapping[80-0.08-0.98-1.0]" time="0.473" /><testcase classname="cuvarbase.tests.test_bls.TestBLS" name="test_sparse_bls_phase_wrapping[80-0.1-0.95-1.0]" time="0.472" /><testcase classname="cuvarbase.tests.test_bls.TestBLS" name="test_sparse_bls_phase_wrapping[80-0.1-0.98-1.0]" time="0.494" /><testcase classname="cuvarbase.tests.test_bls.TestBLS" name="test_sparse_bls_phase_wrapping[120-0.08-0.95-1.0]" time="1.050" /><testcase classname="cuvarbase.tests.test_bls.TestBLS" name="test_sparse_bls_phase_wrapping[120-0.08-0.98-1.0]" time="1.065" /><testcase classname="cuvarbase.tests.test_bls.TestBLS" name="test_sparse_bls_phase_wrapping[120-0.1-0.95-1.0]" time="1.046" /><testcase classname="cuvarbase.tests.test_bls.TestBLS" name="test_sparse_bls_phase_wrapping[120-0.1-0.98-1.0]" time="0.985" /><testcase classname="cuvarbase.tests.test_bls.TestBLS" name="test_sparse_bls_optimality[50-1.0]" time="0.012" /><testcase classname="cuvarbase.tests.test_bls.TestBLS" name="test_sparse_bls_optimality[50-2.0]" time="0.012" /><testcase classname="cuvarbase.tests.test_bls.TestBLS" name="test_sparse_bls_optimality[100-1.0]" time="0.044" /><testcase classname="cuvarbase.tests.test_bls.TestBLS" name="test_sparse_bls_optimality[100-2.0]" time="0.045" /><testcase classname="cuvarbase.tests.test_bls.TestBLS" name="test_sparse_bls_gpu[50-0.0-0.02-1.0]" time="0.620" /><testcase classname="cuvarbase.tests.test_bls.TestBLS" name="test_sparse_bls_gpu[50-0.0-0.02-2.0]" time="0.533" /><testcase classname="cuvarbase.tests.test_bls.TestBLS" name="test_sparse_bls_gpu[50-0.0-0.1-1.0]" time="0.530" /><testcase classname="cuvarbase.tests.test_bls.TestBLS" name="test_sparse_bls_gpu[50-0.0-0.1-2.0]" time="0.547" /><testcase classname="cuvarbase.tests.test_bls.TestBLS" name="test_sparse_bls_gpu[50-0.5-0.02-1.0]" time="0.546" /><testcase classname="cuvarbase.tests.test_bls.TestBLS" name="test_sparse_bls_gpu[50-0.5-0.02-2.0]" time="0.595" /><testcase classname="cuvarbase.tests.test_bls.TestBLS" name="test_sparse_bls_gpu[50-0.5-0.1-1.0]" time="0.540" /><testcase classname="cuvarbase.tests.test_bls.TestBLS" name="test_sparse_bls_gpu[50-0.5-0.1-2.0]" time="0.603" /><testcase classname="cuvarbase.tests.test_bls.TestBLS" name="test_sparse_bls_gpu[100-0.0-0.02-1.0]" time="0.903" /><testcase classname="cuvarbase.tests.test_bls.TestBLS" name="test_sparse_bls_gpu[100-0.0-0.02-2.0]" time="0.903" /><testcase classname="cuvarbase.tests.test_bls.TestBLS" name="test_sparse_bls_gpu[100-0.0-0.1-1.0]" time="0.945" /><testcase classname="cuvarbase.tests.test_bls.TestBLS" name="test_sparse_bls_gpu[100-0.0-0.1-2.0]" time="0.888" /><testcase classname="cuvarbase.tests.test_bls.TestBLS" name="test_sparse_bls_gpu[100-0.5-0.02-1.0]" time="1.110" /><testcase classname="cuvarbase.tests.test_bls.TestBLS" name="test_sparse_bls_gpu[100-0.5-0.02-2.0]" time="0.973" /><testcase classname="cuvarbase.tests.test_bls.TestBLS" name="test_sparse_bls_gpu[100-0.5-0.1-1.0]" time="0.826" /><testcase classname="cuvarbase.tests.test_bls.TestBLS" name="test_sparse_bls_gpu[100-0.5-0.1-2.0]" time="0.989" /><testcase classname="cuvarbase.tests.test_bls.TestBLS" name="test_sparse_bls_gpu_phase_wrapping[80-0.08-0.95-1.0]" time="0.807" /><testcase classname="cuvarbase.tests.test_bls.TestBLS" name="test_eebls_transit_auto_select[None-50]" time="0.410" /><testcase classname="cuvarbase.tests.test_bls.TestBLS" name="test_eebls_transit_auto_select[None-100]" time="0.519" /><testcase classname="cuvarbase.tests.test_bls.TestBLS" name="test_eebls_transit_auto_select[True-50]" time="0.470" /><testcase classname="cuvarbase.tests.test_bls.TestBLS" name="test_eebls_transit_auto_select[True-100]" time="0.730" /><testcase classname="cuvarbase.tests.test_bls.TestBLS" name="test_eebls_transit_standard_returns_3[50]" time="0.010" /><testcase classname="cuvarbase.tests.test_bls.TestBLS" name="test_eebls_transit_standard_returns_3[100]" time="0.010" /><testcase classname="cuvarbase.tests.test_bls.TestEeblsTransitSparseKwargs" name="test_sparse_gpu_path_accepts_documented_kwargs" time="0.544" /><testcase classname="cuvarbase.tests.test_bls.TestEeblsTransitSparseKwargs" name="test_sparse_cpu_path_accepts_documented_kwargs" time="66.742" /><testcase classname="cuvarbase.tests.test_bls.TestEeblsTransitSparseKwargs" name="test_sparse_path_warns_when_q_constraints_ignored" time="102.765" /><testcase classname="cuvarbase.tests.test_bls.TestEeblsTransitSparseKwargs" name="test_standard_path_unaffected" time="0.639" /><testcase classname="cuvarbase.tests.test_bls.TestCompileBlsValidation" name="test_bad_block_size_raises" time="0.001" /><testcase classname="cuvarbase.tests.test_bls.TestCompileBlsValidation" name="test_compile_bls_rejects_bad_block_size" time="0.000" /><testcase classname="cuvarbase.tests.test_bls.TestCompileBlsValidation" name="test_compile_bls_empty_filter_raises_value_error" time="0.007" /><testcase classname="cuvarbase.tests.test_ce.TestCE" name="test_multiple_datasets[1]" time="0.990" /><testcase classname="cuvarbase.tests.test_ce.TestCE" name="test_multiple_datasets[5]" time="2.870" /><testcase classname="cuvarbase.tests.test_ce.TestCE" name="test_multiple_datasets[10]" time="5.675" /><testcase classname="cuvarbase.tests.test_ce.TestCE" name="test_batched_run[5-0-10-1-True-False-False-1-True-1-1]" time="1.384" /><testcase classname="cuvarbase.tests.test_ce.TestCE" name="test_batched_run[5-0-10-1-True-False-False-1-True-1-7]" time="4.054" /><testcase classname="cuvarbase.tests.test_ce.TestCE" name="test_batched_run[5-0-10-1-True-False-False-1-True-3-1]" time="1.045" /><testcase classname="cuvarbase.tests.test_ce.TestCE" name="test_batched_run[5-0-10-1-True-False-False-1-True-3-7]" time="3.692" /><testcase classname="cuvarbase.tests.test_ce.TestCE" name="test_batched_run[5-0-10-1-True-False-False-1-False-1-1]" time="0.715" /><testcase classname="cuvarbase.tests.test_ce.TestCE" name="test_batched_run[5-0-10-1-True-False-False-1-False-1-7]" time="3.466" /><testcase classname="cuvarbase.tests.test_ce.TestCE" name="test_batched_run[5-0-10-1-True-False-False-1-False-3-1]" time="0.836" /><testcase classname="cuvarbase.tests.test_ce.TestCE" name="test_batched_run[5-0-10-1-True-False-False-1-False-3-7]" time="3.761" /><testcase classname="cuvarbase.tests.test_ce.TestCE" name="test_batched_run[5-0-10-1-True-False-True-None-True-1-1]" time="0.935" /><testcase classname="cuvarbase.tests.test_ce.TestCE" name="test_batched_run[5-0-10-1-True-False-True-None-True-1-7]" time="3.517" /><testcase classname="cuvarbase.tests.test_ce.TestCE" name="test_batched_run[5-0-10-1-True-False-True-None-True-3-1]" time="0.928" /><testcase classname="cuvarbase.tests.test_ce.TestCE" name="test_batched_run[5-0-10-1-True-False-True-None-True-3-7]" time="3.293" /><testcase classname="cuvarbase.tests.test_ce.TestCE" name="test_batched_run[5-0-10-1-True-False-True-None-False-1-1]" time="0.892" /><testcase classname="cuvarbase.tests.test_ce.TestCE" name="test_batched_run[5-0-10-1-True-False-True-None-False-1-7]" time="3.245" /><testcase classname="cuvarbase.tests.test_ce.TestCE" name="test_batched_run[5-0-10-1-True-False-True-None-False-3-1]" time="0.950" /><testcase classname="cuvarbase.tests.test_ce.TestCE" name="test_batched_run[5-0-10-1-True-False-True-None-False-3-7]" time="3.413" /><testcase classname="cuvarbase.tests.test_ce.TestCE" name="test_batched_run[5-0-10-1-False-True-False-None-True-1-1]" time="0.690" /><testcase classname="cuvarbase.tests.test_ce.TestCE" name="test_batched_run[5-0-10-1-False-True-False-None-True-1-7]" time="2.906" /><testcase classname="cuvarbase.tests.test_ce.TestCE" name="test_batched_run[5-0-10-1-False-True-False-None-True-3-1]" time="0.631" /><testcase classname="cuvarbase.tests.test_ce.TestCE" name="test_batched_run[5-0-10-1-False-True-False-None-True-3-7]" time="3.034" /><testcase classname="cuvarbase.tests.test_ce.TestCE" name="test_batched_run[5-0-10-1-False-True-False-None-False-1-1]" time="0.750" /><testcase classname="cuvarbase.tests.test_ce.TestCE" name="test_batched_run[5-0-10-1-False-True-False-None-False-1-7]" time="4.226" /><testcase classname="cuvarbase.tests.test_ce.TestCE" name="test_batched_run[5-0-10-1-False-True-False-None-False-3-1]" time="1.233" /><testcase classname="cuvarbase.tests.test_ce.TestCE" name="test_batched_run[5-0-10-1-False-True-False-None-False-3-7]" time="4.193" /><testcase classname="cuvarbase.tests.test_ce.TestCE" name="test_batched_run[5-0-10-1-False-False-False-None-True-1-1]" time="0.992" /><testcase classname="cuvarbase.tests.test_ce.TestCE" name="test_batched_run[5-0-10-1-False-False-False-None-True-1-7]" time="4.014" /><testcase classname="cuvarbase.tests.test_ce.TestCE" name="test_batched_run[5-0-10-1-False-False-False-None-True-3-1]" time="0.927" /><testcase classname="cuvarbase.tests.test_ce.TestCE" name="test_batched_run[5-0-10-1-False-False-False-None-True-3-7]" time="3.990" /><testcase classname="cuvarbase.tests.test_ce.TestCE" name="test_batched_run[5-0-10-1-False-False-False-None-False-1-1]" time="0.799" /><testcase classname="cuvarbase.tests.test_ce.TestCE" name="test_batched_run[5-0-10-1-False-False-False-None-False-1-7]" time="3.968" /><testcase classname="cuvarbase.tests.test_ce.TestCE" name="test_batched_run[5-0-10-1-False-False-False-None-False-3-1]" time="1.335" /><testcase classname="cuvarbase.tests.test_ce.TestCE" name="test_batched_run[5-0-10-1-False-False-False-None-False-3-7]" time="4.786" /><testcase classname="cuvarbase.tests.test_ce.TestCE" name="test_batched_run_const_nfreq[5-0-10-1-True-False-False-1-True-1-1]" time="1.056" /><testcase classname="cuvarbase.tests.test_ce.TestCE" name="test_batched_run_const_nfreq[5-0-10-1-True-False-False-1-True-1-7]" time="4.222" /><testcase classname="cuvarbase.tests.test_ce.TestCE" name="test_batched_run_const_nfreq[5-0-10-1-True-False-False-1-True-3-1]" time="0.692" /><testcase classname="cuvarbase.tests.test_ce.TestCE" name="test_batched_run_const_nfreq[5-0-10-1-True-False-False-1-True-3-7]" time="3.111" /><testcase classname="cuvarbase.tests.test_ce.TestCE" name="test_batched_run_const_nfreq[5-0-10-1-True-False-False-1-False-1-1]" time="0.887" /><testcase classname="cuvarbase.tests.test_ce.TestCE" name="test_batched_run_const_nfreq[5-0-10-1-True-False-False-1-False-1-7]" time="3.083" /><testcase classname="cuvarbase.tests.test_ce.TestCE" name="test_batched_run_const_nfreq[5-0-10-1-True-False-False-1-False-3-1]" time="0.740" /><testcase classname="cuvarbase.tests.test_ce.TestCE" name="test_batched_run_const_nfreq[5-0-10-1-True-False-False-1-False-3-7]" time="3.249" /><testcase classname="cuvarbase.tests.test_ce.TestCE" name="test_batched_run_const_nfreq[5-0-10-1-True-False-True-None-True-1-1]" time="0.929" /><testcase classname="cuvarbase.tests.test_ce.TestCE" name="test_batched_run_const_nfreq[5-0-10-1-True-False-True-None-True-1-7]" time="4.024" /><testcase classname="cuvarbase.tests.test_ce.TestCE" name="test_batched_run_const_nfreq[5-0-10-1-True-False-True-None-True-3-1]" time="0.753" /><testcase classname="cuvarbase.tests.test_ce.TestCE" name="test_batched_run_const_nfreq[5-0-10-1-True-False-True-None-True-3-7]" time="3.212" /><testcase classname="cuvarbase.tests.test_ce.TestCE" name="test_batched_run_const_nfreq[5-0-10-1-True-False-True-None-False-1-1]" time="0.880" /><testcase classname="cuvarbase.tests.test_ce.TestCE" name="test_batched_run_const_nfreq[5-0-10-1-True-False-True-None-False-1-7]" time="4.814" /><testcase classname="cuvarbase.tests.test_ce.TestCE" name="test_batched_run_const_nfreq[5-0-10-1-True-False-True-None-False-3-1]" time="1.512" /><testcase classname="cuvarbase.tests.test_ce.TestCE" name="test_batched_run_const_nfreq[5-0-10-1-True-False-True-None-False-3-7]" time="5.268" /><testcase classname="cuvarbase.tests.test_ce.TestCE" name="test_batched_run_const_nfreq[5-0-10-1-False-True-False-None-True-1-1]" time="1.512" /><testcase classname="cuvarbase.tests.test_ce.TestCE" name="test_batched_run_const_nfreq[5-0-10-1-False-True-False-None-True-1-7]" time="5.656" /><testcase classname="cuvarbase.tests.test_ce.TestCE" name="test_batched_run_const_nfreq[5-0-10-1-False-True-False-None-True-3-1]" time="1.694" /><testcase classname="cuvarbase.tests.test_ce.TestCE" name="test_batched_run_const_nfreq[5-0-10-1-False-True-False-None-True-3-7]" time="5.407" /><testcase classname="cuvarbase.tests.test_ce.TestCE" name="test_batched_run_const_nfreq[5-0-10-1-False-True-False-None-False-1-1]" time="1.239" /><testcase classname="cuvarbase.tests.test_ce.TestCE" name="test_batched_run_const_nfreq[5-0-10-1-False-True-False-None-False-1-7]" time="4.023" /><testcase classname="cuvarbase.tests.test_ce.TestCE" name="test_batched_run_const_nfreq[5-0-10-1-False-True-False-None-False-3-1]" time="1.246" /><testcase classname="cuvarbase.tests.test_ce.TestCE" name="test_batched_run_const_nfreq[5-0-10-1-False-True-False-None-False-3-7]" time="3.410" /><testcase classname="cuvarbase.tests.test_ce.TestCE" name="test_batched_run_const_nfreq[5-0-10-1-False-False-False-None-True-1-1]" time="0.847" /><testcase classname="cuvarbase.tests.test_ce.TestCE" name="test_batched_run_const_nfreq[5-0-10-1-False-False-False-None-True-1-7]" time="4.101" /><testcase classname="cuvarbase.tests.test_ce.TestCE" name="test_batched_run_const_nfreq[5-0-10-1-False-False-False-None-True-3-1]" time="0.824" /><testcase classname="cuvarbase.tests.test_ce.TestCE" name="test_batched_run_const_nfreq[5-0-10-1-False-False-False-None-True-3-7]" time="3.138" /><testcase classname="cuvarbase.tests.test_ce.TestCE" name="test_batched_run_const_nfreq[5-0-10-1-False-False-False-None-False-1-1]" time="0.816" /><testcase classname="cuvarbase.tests.test_ce.TestCE" name="test_batched_run_const_nfreq[5-0-10-1-False-False-False-None-False-1-7]" time="2.899" /><testcase classname="cuvarbase.tests.test_ce.TestCE" name="test_batched_run_const_nfreq[5-0-10-1-False-False-False-None-False-3-1]" time="0.689" /><testcase classname="cuvarbase.tests.test_ce.TestCE" name="test_batched_run_const_nfreq[5-0-10-1-False-False-False-None-False-3-7]" time="2.363" /><testcase classname="cuvarbase.tests.test_ce.TestCE" name="test_inject_and_recover[True-0.0-10.0-5-0-10-1-True-False-False-1-True]" time="0.544" /><testcase classname="cuvarbase.tests.test_ce.TestCE" name="test_inject_and_recover[True-0.0-10.0-5-0-10-1-True-False-False-1-False]" time="0.568" /><testcase classname="cuvarbase.tests.test_ce.TestCE" name="test_inject_and_recover[True-0.0-10.0-5-0-10-1-True-False-True-None-True]" time="0.566" /><testcase classname="cuvarbase.tests.test_ce.TestCE" name="test_inject_and_recover[True-0.0-10.0-5-0-10-1-True-False-True-None-False]" time="0.607" /><testcase classname="cuvarbase.tests.test_ce.TestCE" name="test_inject_and_recover[True-0.0-10.0-5-0-10-1-False-True-False-None-True]" time="0.630" /><testcase classname="cuvarbase.tests.test_ce.TestCE" name="test_inject_and_recover[True-0.0-10.0-5-0-10-1-False-True-False-None-False]" time="0.620" /><testcase classname="cuvarbase.tests.test_ce.TestCE" name="test_inject_and_recover[True-0.0-10.0-5-0-10-1-False-False-False-None-True]" time="0.579" /><testcase classname="cuvarbase.tests.test_ce.TestCE" name="test_inject_and_recover[True-0.0-10.0-5-0-10-1-False-False-False-None-False]" time="0.684" /><testcase classname="cuvarbase.tests.test_ce.TestCE" name="test_inject_and_recover[False-0.0-10.0-5-0-10-1-True-False-False-1-True]" time="0.595" /><testcase classname="cuvarbase.tests.test_ce.TestCE" name="test_inject_and_recover[False-0.0-10.0-5-0-10-1-True-False-False-1-False]" time="0.570" /><testcase classname="cuvarbase.tests.test_ce.TestCE" name="test_inject_and_recover[False-0.0-10.0-5-0-10-1-True-False-True-None-True]" time="0.702" /><testcase classname="cuvarbase.tests.test_ce.TestCE" name="test_inject_and_recover[False-0.0-10.0-5-0-10-1-True-False-True-None-False]" time="0.849" /><testcase classname="cuvarbase.tests.test_ce.TestCE" name="test_inject_and_recover[False-0.0-10.0-5-0-10-1-False-True-False-None-True]" time="0.885" /><testcase classname="cuvarbase.tests.test_ce.TestCE" name="test_inject_and_recover[False-0.0-10.0-5-0-10-1-False-True-False-None-False]" time="0.755" /><testcase classname="cuvarbase.tests.test_ce.TestCE" name="test_inject_and_recover[False-0.0-10.0-5-0-10-1-False-False-False-None-True]" time="0.634" /><testcase classname="cuvarbase.tests.test_ce.TestCE" name="test_inject_and_recover[False-0.0-10.0-5-0-10-1-False-False-False-None-False]" time="0.804" /><testcase classname="cuvarbase.tests.test_ce.TestCE" name="test_large_run" time="1.647" /><testcase classname="cuvarbase.tests.test_ce.TestCE" name="test_time_shift_invariance[True-10.0-5-0-10-1-True-False-False-1-True]" time="1.378" /><testcase classname="cuvarbase.tests.test_ce.TestCE" name="test_time_shift_invariance[True-10.0-5-0-10-1-True-False-False-1-False]" time="1.383" /><testcase classname="cuvarbase.tests.test_ce.TestCE" name="test_time_shift_invariance[False-10.0-5-0-10-1-True-False-False-1-True]" time="1.345" /><testcase classname="cuvarbase.tests.test_ce.TestCE" name="test_time_shift_invariance[False-10.0-5-0-10-1-True-False-False-1-False]" time="1.457" /><testcase classname="cuvarbase.tests.test_ce.TestCE" name="test_fast[300-1-False-False-0.0-12.0-10-0-5-0-1-True-True]" time="0.807" /><testcase classname="cuvarbase.tests.test_ce.TestCE" name="test_fast[300-1-False-False-0.0-12.0-10-0-5-0-1-True-False]" time="0.772" /><testcase classname="cuvarbase.tests.test_ce.TestCE" name="test_fast[300-1-False-False-0.0-12.0-10-0-5-0-1-False-True]" time="0.862" /><testcase classname="cuvarbase.tests.test_ce.TestCE" name="test_fast[300-1-False-False-0.0-12.0-10-0-5-0-1-False-False]" time="0.889" /><testcase classname="cuvarbase.tests.test_ce.TestCE" name="test_fast[300-1-False-False-0.0-12.0-10-0-5-0-None-True-True]" time="0.960" /><testcase classname="cuvarbase.tests.test_ce.TestCE" name="test_fast[300-1-False-False-0.0-12.0-10-0-5-0-None-True-False]" time="1.033" /><testcase classname="cuvarbase.tests.test_ce.TestCE" name="test_fast[300-1-False-False-0.0-12.0-10-0-5-0-None-False-True]" time="1.141" /><testcase classname="cuvarbase.tests.test_ce.TestCE" name="test_fast[300-1-False-False-0.0-12.0-10-0-5-0-None-False-False]" time="1.054" /><testcase classname="cuvarbase.tests.test_ce.TestCE" name="test_fast[300-1-False-False-0.0-12.0-10-1-5-1-1-True-True]" time="0.951" /><testcase classname="cuvarbase.tests.test_ce.TestCE" name="test_fast[300-1-False-False-0.0-12.0-10-1-5-1-1-True-False]" time="0.914" /><testcase classname="cuvarbase.tests.test_ce.TestCE" name="test_fast[300-1-False-False-0.0-12.0-10-1-5-1-1-False-True]" time="0.790" /><testcase classname="cuvarbase.tests.test_ce.TestCE" name="test_fast[300-1-False-False-0.0-12.0-10-1-5-1-1-False-False]" time="0.607" /><testcase classname="cuvarbase.tests.test_ce.TestCE" name="test_fast[300-1-False-False-0.0-12.0-10-1-5-1-None-True-True]" time="0.705" /><testcase classname="cuvarbase.tests.test_ce.TestCE" name="test_fast[300-1-False-False-0.0-12.0-10-1-5-1-None-True-False]" time="0.648" /><testcase classname="cuvarbase.tests.test_ce.TestCE" name="test_fast[300-1-False-False-0.0-12.0-10-1-5-1-None-False-True]" time="0.617" /><testcase classname="cuvarbase.tests.test_ce.TestCE" name="test_fast[300-1-False-False-0.0-12.0-10-1-5-1-None-False-False]" time="0.628" /><testcase classname="cuvarbase.tests.test_ce.TestCE" name="test_fast[300-None-False-False-0.0-12.0-10-0-5-0-1-True-True]" time="0.682" /><testcase classname="cuvarbase.tests.test_ce.TestCE" name="test_fast[300-None-False-False-0.0-12.0-10-0-5-0-1-True-False]" time="0.877" /><testcase classname="cuvarbase.tests.test_ce.TestCE" name="test_fast[300-None-False-False-0.0-12.0-10-0-5-0-1-False-True]" time="0.791" /><testcase classname="cuvarbase.tests.test_ce.TestCE" name="test_fast[300-None-False-False-0.0-12.0-10-0-5-0-1-False-False]" time="0.798" /><testcase classname="cuvarbase.tests.test_ce.TestCE" name="test_fast[300-None-False-False-0.0-12.0-10-0-5-0-None-True-True]" time="0.735" /><testcase classname="cuvarbase.tests.test_ce.TestCE" name="test_fast[300-None-False-False-0.0-12.0-10-0-5-0-None-True-False]" time="0.852" /><testcase classname="cuvarbase.tests.test_ce.TestCE" name="test_fast[300-None-False-False-0.0-12.0-10-0-5-0-None-False-True]" time="0.780" /><testcase classname="cuvarbase.tests.test_ce.TestCE" name="test_fast[300-None-False-False-0.0-12.0-10-0-5-0-None-False-False]" time="0.657" /><testcase classname="cuvarbase.tests.test_ce.TestCE" name="test_fast[300-None-False-False-0.0-12.0-10-1-5-1-1-True-True]" time="0.712" /><testcase classname="cuvarbase.tests.test_ce.TestCE" name="test_fast[300-None-False-False-0.0-12.0-10-1-5-1-1-True-False]" time="0.688" /><testcase classname="cuvarbase.tests.test_ce.TestCE" name="test_fast[300-None-False-False-0.0-12.0-10-1-5-1-1-False-True]" time="0.711" /><testcase classname="cuvarbase.tests.test_ce.TestCE" name="test_fast[300-None-False-False-0.0-12.0-10-1-5-1-1-False-False]" time="0.685" /><testcase classname="cuvarbase.tests.test_ce.TestCE" name="test_fast[300-None-False-False-0.0-12.0-10-1-5-1-None-True-True]" time="0.658" /><testcase classname="cuvarbase.tests.test_ce.TestCE" name="test_fast[300-None-False-False-0.0-12.0-10-1-5-1-None-True-False]" time="0.895" /><testcase classname="cuvarbase.tests.test_ce.TestCE" name="test_fast[300-None-False-False-0.0-12.0-10-1-5-1-None-False-True]" time="0.795" /><testcase classname="cuvarbase.tests.test_ce.TestCE" name="test_fast[300-None-False-False-0.0-12.0-10-1-5-1-None-False-False]" time="0.856" /><testcase classname="cuvarbase.tests.test_lazy_imports" name="test_import_survives_broken_skcuda" time="0.928" /><testcase classname="cuvarbase.tests.test_lombscargle.TestLombScargle" name="test_against_astropy_double" time="1.077" /><testcase classname="cuvarbase.tests.test_lombscargle.TestLombScargle" name="test_against_astropy_single" time="1.104" /><testcase classname="cuvarbase.tests.test_lombscargle.TestLombScargle" name="test_ls_kernel" time="0.710" /><testcase classname="cuvarbase.tests.test_lombscargle.TestLombScargle" name="test_ls_kernel_direct_sums" time="0.788" /><testcase classname="cuvarbase.tests.test_lombscargle.TestLombScargle" name="test_ls_kernel_direct_sums_is_consistent" time="0.820" /><testcase classname="cuvarbase.tests.test_lombscargle.TestLombScargle" name="test_ls_kernel_direct_sums_against_python" time="1.075" /><testcase classname="cuvarbase.tests.test_lombscargle.TestLombScargle" name="test_multiple_datasets" time="0.873" /><testcase classname="cuvarbase.tests.test_lombscargle.TestLombScargle" name="test_batched_run" time="0.761" /><testcase classname="cuvarbase.tests.test_lombscargle.TestLombScargle" name="test_batched_run_const_nfreq" time="1.486" /><testcase classname="cuvarbase.tests.test_lombscargle.TestLombScargleSimpleWeights" name="test_weights_helper_is_inverse_variance" time="0.001" /><testcase classname="cuvarbase.tests.test_lombscargle.TestLombScargleSimpleWeights" name="test_lomb_scargle_simple_passes_raw_dy" time="0.001" /><testcase classname="cuvarbase.tests.test_nfft.TestNFFT" name="test_fast_gridding_with_jvdp_nfft" time="0.303" /><testcase classname="cuvarbase.tests.test_nfft.TestNFFT" name="test_fast_gridding_against_scalar_version" time="0.352" /><testcase classname="cuvarbase.tests.test_nfft.TestNFFT" name="test_slow_gridding_against_scalar_fast_gridding" time="0.304" /><testcase classname="cuvarbase.tests.test_nfft.TestNFFT" name="test_slow_gridding_against_jvdp_nfft" time="0.424" /><testcase classname="cuvarbase.tests.test_nfft.TestNFFT" name="test_ffts" time="0.003" /><testcase classname="cuvarbase.tests.test_nfft.TestNFFT" name="test_nfft_against_existing_impl_scaled_centered_spp1" time="0.522" /><testcase classname="cuvarbase.tests.test_nfft.TestNFFT" name="test_nfft_against_existing_impl_scaled_centered_spp5" time="0.482" /><testcase classname="cuvarbase.tests.test_nfft.TestNFFT" name="test_nfft_against_existing_impl_scaled_uncentered_spp1" time="0.552" /><testcase classname="cuvarbase.tests.test_nfft.TestNFFT" name="test_nfft_against_existing_impl_unscaled_centered_spp1" time="0.431" /><testcase classname="cuvarbase.tests.test_nfft.TestNFFT" name="test_nfft_against_existing_impl_unscaled_uncentered_spp5" time="0.493" /><testcase classname="cuvarbase.tests.test_nfft.TestNFFT" name="test_nfft_adjoint_async" time="5.898" /><testcase classname="cuvarbase.tests.test_nufft_lrt.TestNUFFTLRT" name="test_basic_initialization" time="0.261" /><testcase classname="cuvarbase.tests.test_nufft_lrt.TestNUFFTLRT" name="test_template_generation" time="0.229" /><testcase classname="cuvarbase.tests.test_nufft_lrt.TestNUFFTLRT" name="test_nufft_computation" time="0.354" /><testcase classname="cuvarbase.tests.test_nufft_lrt.TestNUFFTLRT" name="test_matched_filter_snr_computation" time="0.219" /><testcase classname="cuvarbase.tests.test_nufft_lrt.TestNUFFTLRT" name="test_detection_of_known_transit" time="0.600" /><testcase classname="cuvarbase.tests.test_nufft_lrt.TestNUFFTLRT" name="test_white_noise_gives_low_snr" time="0.653" /><testcase classname="cuvarbase.tests.test_nufft_lrt.TestNUFFTLRT" name="test_custom_psd" time="0.894" /><testcase classname="cuvarbase.tests.test_nufft_lrt.TestNUFFTLRT" name="test_double_precision" time="0.713" /><testcase classname="cuvarbase.tests.test_nufft_lrt.TestNUFFTLRT" name="test_multiple_epochs" time="0.584" /><testcase classname="cuvarbase.tests.test_nufft_lrt_algorithm.TestNUFFTLRTAlgorithm" name="test_template_generation" time="0.001" /><testcase classname="cuvarbase.tests.test_nufft_lrt_algorithm.TestNUFFTLRTAlgorithm" name="test_matched_filter_perfect_match" time="0.001" /><testcase classname="cuvarbase.tests.test_nufft_lrt_algorithm.TestNUFFTLRTAlgorithm" name="test_matched_filter_orthogonal_signals" time="0.001" /><testcase classname="cuvarbase.tests.test_nufft_lrt_algorithm.TestNUFFTLRTAlgorithm" name="test_matched_filter_scale_invariance" time="0.001" /><testcase classname="cuvarbase.tests.test_nufft_lrt_algorithm.TestNUFFTLRTAlgorithm" name="test_matched_filter_noise_distribution" time="0.004" /><testcase classname="cuvarbase.tests.test_nufft_lrt_algorithm.TestNUFFTLRTAlgorithm" name="test_power_spectrum_floor_prevents_blowup" time="0.001" /><testcase classname="cuvarbase.tests.test_nufft_lrt_algorithm.TestNUFFTLRTAlgorithm" name="test_matched_filter_with_colored_noise" time="0.001" /><testcase classname="cuvarbase.tests.test_nufft_lrt_import.TestNUFFTLRTImport" name="test_module_syntax_valid" time="0.007" /><testcase classname="cuvarbase.tests.test_nufft_lrt_import.TestNUFFTLRTImport" name="test_cuda_kernel_exists" time="0.001" /><testcase classname="cuvarbase.tests.test_nufft_lrt_import.TestNUFFTLRTImport" name="test_cuda_kernel_has_required_functions" time="0.002" /><testcase classname="cuvarbase.tests.test_nufft_lrt_import.TestNUFFTLRTImport" name="test_module_imports" time="0.000" /><testcase classname="cuvarbase.tests.test_nufft_lrt_import.TestNUFFTLRTImport" name="test_documentation_exists" time="0.001" /><testcase classname="cuvarbase.tests.test_nufft_lrt_import.TestNUFFTLRTImport" name="test_example_exists" time="0.001" /><testcase classname="cuvarbase.tests.test_nufft_lrt_import.TestNUFFTLRTImport" name="test_example_syntax_valid" time="0.004" /><testcase classname="cuvarbase.tests.test_pdm" name="test_cuda_pdm_binned_linterp[binned_linterp-binned_linterp]" time="0.583" /><testcase classname="cuvarbase.tests.test_pdm" name="test_cuda_pdm_binned_step[binned_step-binned_step]" time="0.298" /><testcase classname="cuvarbase.tests.test_pdm" name="test_cuda_pdm_binless_gauss[binless_gauss-binless_gauss]" time="0.301" /><testcase classname="cuvarbase.tests.test_pdm" name="test_cuda_pdm_binless_tophat[binless_tophat-binless_tophat]" time="0.336" /><testcase classname="cuvarbase.tests.test_pdm" name="test_cuda_pdm_binned_linterp_fast[binned_linterp-binned_linterp_fast]" time="0.411" /><testcase classname="cuvarbase.tests.test_pdm" name="test_cuda_pdm_binned_step_fast[binned_step-binned_step_fast]" time="0.321" /><testcase classname="cuvarbase.tests.test_pdm" name="test_cuda_pdm_binless_gauss_fast[binless_gauss-binless_gauss_fast]" time="0.331" /><testcase classname="cuvarbase.tests.test_pdm" name="test_cuda_pdm_binless_tophat_fast[binless_tophat-binless_tophat_fast]" time="0.380" /><testcase classname="cuvarbase.tests.test_pdm" name="test_pdm_new_format" time="0.421" /><testcase classname="cuvarbase.tests.test_readme_examples.TestReadmeExamples" name="test_quick_start_example" time="0.836" /><testcase classname="cuvarbase.tests.test_readme_examples.TestReadmeExamples" name="test_adaptive_bls_example" time="0.631" /><testcase classname="cuvarbase.tests.test_readme_examples.TestReadmeExamples" name="test_standard_vs_adaptive_consistency" time="0.498" /><testcase classname="cuvarbase.tests.test_tls_basic.TestGridGeneration" name="test_period_grid_basic" time="0.001" /><testcase classname="cuvarbase.tests.test_tls_basic.TestGridGeneration" name="test_period_grid_limits" time="0.001" /><testcase classname="cuvarbase.tests.test_tls_basic.TestGridGeneration" name="test_duration_grid" time="0.000" /><testcase classname="cuvarbase.tests.test_tls_basic.TestGridGeneration" name="test_transit_duration_max" time="0.000" /><testcase classname="cuvarbase.tests.test_tls_basic.TestGridGeneration" name="test_t0_grid" time="0.000" /><testcase classname="cuvarbase.tests.test_tls_basic.TestGridGeneration" name="test_validate_stellar_parameters" time="0.000" /><testcase classname="cuvarbase.tests.test_tls_basic.TestTransitTemplate" name="test_trapezoid_template_shape" time="0.001" /><testcase classname="cuvarbase.tests.test_tls_basic.TestTransitTemplate" name="test_trapezoid_template_normalization" time="0.001" /><testcase classname="cuvarbase.tests.test_tls_basic.TestTransitTemplate" name="test_trapezoid_template_symmetric" time="0.001" /><testcase classname="cuvarbase.tests.test_tls_basic.TestTransitTemplate" name="test_batman_template_shape" time="0.000"><skipped type="pytest.skip" message="batman-package not installed">/workspace/cuvarbase/cuvarbase/tests/test_tls_basic.py:127: batman-package not installed</skipped></testcase><testcase classname="cuvarbase.tests.test_tls_basic.TestTransitTemplate" name="test_batman_template_normalization" time="0.000"><skipped type="pytest.skip" message="batman-package not installed">/workspace/cuvarbase/cuvarbase/tests/test_tls_basic.py:136: batman-package not installed</skipped></testcase><testcase classname="cuvarbase.tests.test_tls_basic.TestTransitTemplate" name="test_batman_template_limb_darkened" time="0.000"><skipped type="pytest.skip" message="batman-package not installed">/workspace/cuvarbase/cuvarbase/tests/test_tls_basic.py:149: batman-package not installed</skipped></testcase><testcase classname="cuvarbase.tests.test_tls_basic.TestTransitTemplate" name="test_generate_fallback_without_batman" time="0.001" /><testcase classname="cuvarbase.tests.test_tls_basic.TestTransitModels" name="test_reference_transit" time="0.000"><skipped type="pytest.skip" message="batman-package not installed">/workspace/cuvarbase/cuvarbase/tests/test_tls_basic.py:175: batman-package not installed</skipped></testcase><testcase classname="cuvarbase.tests.test_tls_basic.TestTransitModels" name="test_transit_model_cache" time="0.000"><skipped type="pytest.skip" message="batman-package not installed">/workspace/cuvarbase/cuvarbase/tests/test_tls_basic.py:185: batman-package not installed</skipped></testcase><testcase classname="cuvarbase.tests.test_tls_basic.TestSimpleTransitModels" name="test_simple_trapezoid" time="0.000" /><testcase classname="cuvarbase.tests.test_tls_basic.TestSimpleTransitModels" name="test_interpolate_transit_model" time="0.000" /><testcase classname="cuvarbase.tests.test_tls_basic.TestSimpleTransitModels" name="test_default_limb_darkening" time="0.000" /><testcase classname="cuvarbase.tests.test_tls_basic.TestSimpleTransitModels" name="test_validate_limb_darkening" time="0.000" /><testcase classname="cuvarbase.tests.test_tls_basic.TestStatistics" name="test_signal_residue_with_signal" time="0.000" /><testcase classname="cuvarbase.tests.test_tls_basic.TestStatistics" name="test_sde_positive_for_signal" time="0.000" /><testcase classname="cuvarbase.tests.test_tls_basic.TestStatistics" name="test_snr_with_chi2" time="0.000" /><testcase classname="cuvarbase.tests.test_tls_basic.TestStatistics" name="test_snr_returns_zero_without_info" time="0.000" /><testcase classname="cuvarbase.tests.test_tls_basic.TestTLSKernel" name="test_kernel_compilation" time="0.440" /><testcase classname="cuvarbase.tests.test_tls_basic.TestTLSKernel" name="test_kernel_caching" time="0.411" /><testcase classname="cuvarbase.tests.test_tls_basic.TestTLSKernel" name="test_block_size_selection" time="0.001" /><testcase classname="cuvarbase.tests.test_tls_basic.TestTLSMemory" name="test_memory_allocation" time="0.001" /><testcase classname="cuvarbase.tests.test_tls_basic.TestTLSMemory" name="test_memory_setdata" time="0.019" /><testcase classname="cuvarbase.tests.test_tls_basic.TestTLSMemory" name="test_memory_fromdata" time="0.004" /><testcase classname="cuvarbase.tests.test_tls_basic.TestTLSBasicExecution" name="test_tls_search_runs" time="0.486" /><testcase classname="cuvarbase.tests.test_tls_basic.TestTLSBasicExecution" name="test_tls_search_with_transit" time="0.010" /><testcase classname="cuvarbase.tests.test_tls_basic.TestTLSBasicExecution" name="test_sde_positive_with_transit" time="0.009" /><testcase classname="cuvarbase.tests.test_utils" name="test_normalize_subtracts_means" time="0.004" /><testcase classname="cuvarbase.tests.test_utils" name="test_normalize_does_not_mutate_input" time="0.004" /><testcase classname="cuvarbase.tests.test_utils" name="test_normalize_passes_none_through" time="0.003" /><testcase classname="cuvarbase.tests.test_utils" name="test_normalize_legacy_four_tuple" time="0.003" /></testsuite></testsuites>